<?xml version="1.0" encoding="utf-8"?>
<test-run id="2" name="Open-Lab-05.07.dll" fullname="C:/Users/onkom/source/repos/Open-Lab-05.07/Open-Lab-05.07/bin/Debug/netcoreapp3.0/Open-Lab-05.07.dll" testcasecount="100" result="Passed" start-time="2021-12-28 19:29:50Z" end-time="2021-12-28 19:29:50Z" duration="0.278788" total="100" passed="100" failed="0" inconclusive="0" skipped="0" asserts="100" random-seed="1636016317">
  <command-line><![CDATA[C:\Users\onkom\source\repos\Open-Lab-05.07\Open-Lab-05.07\bin\Debug\netcoreapp3.0\Open-Lab-05.07.dll]]></command-line>
  <filter />
  <test-suite type="Assembly" id="1102" name="Open-Lab-05.07.dll" fullname="C:/Users/onkom/source/repos/Open-Lab-05.07/Open-Lab-05.07/bin/Debug/netcoreapp3.0/Open-Lab-05.07.dll" runstate="Runnable" testcasecount="100" result="Passed" start-time="2021-12-28 19:29:50Z" end-time="2021-12-28 19:29:50Z" duration="0.278788" total="100" passed="100" failed="0" warnings="0" inconclusive="0" skipped="0" asserts="100">
    <environment framework-version="3.12.0.0" clr-version="3.1.19" os-version="Microsoft Windows 10.0.19042" platform="Win32NT" cwd="C:\Users\onkom\source\repos\Open-Lab-05.07\Open-Lab-05.07\bin\Debug\netcoreapp3.0" machine-name="DESKTOP-7OQAPDJ" user="onkom" user-domain="DESKTOP-7OQAPDJ" culture="en-US" uiculture="en-US" os-architecture="x64" />
    <settings>
      <setting name="WorkDirectory" value="C:\Users\onkom\source\repos\Open-Lab-05.07\Open-Lab-05.07\bin\Debug\netcoreapp3.0" />
      <setting name="NumberOfTestWorkers" value="4" />
    </settings>
    <properties>
      <property name="_PID" value="9280" />
      <property name="_APPDOMAIN" value="Open-Lab-05.07" />
    </properties>
    <test-suite type="TestSuite" id="1103" name="Open_Lab_05" fullname="Open_Lab_05" runstate="Runnable" testcasecount="100" result="Passed" start-time="2021-12-28 19:29:50Z" end-time="2021-12-28 19:29:50Z" duration="0.255776" total="100" passed="100" failed="0" warnings="0" inconclusive="0" skipped="0" asserts="100">
      <test-suite type="TestSuite" id="1104" name="_07" fullname="Open_Lab_05._07" runstate="Runnable" testcasecount="100" result="Passed" start-time="2021-12-28 19:29:50Z" end-time="2021-12-28 19:29:50Z" duration="0.251125" total="100" passed="100" failed="0" warnings="0" inconclusive="0" skipped="0" asserts="100">
        <test-suite type="TestFixture" id="1000" name="Tests" fullname="Open_Lab_05._07.Tests" classname="Open_Lab_05._07.Tests" runstate="Runnable" testcasecount="100" result="Passed" start-time="2021-12-28 19:29:50Z" end-time="2021-12-28 19:29:50Z" duration="0.235954" total="100" passed="100" failed="0" warnings="0" inconclusive="0" skipped="0" asserts="100">
          <test-suite type="ParameterizedMethod" id="1101" name="RemoveSmallestTest" fullname="Open_Lab_05._07.Tests.RemoveSmallestTest" classname="Open_Lab_05._07.Tests" runstate="Runnable" testcasecount="100" result="Passed" start-time="2021-12-28 19:29:50Z" end-time="2021-12-28 19:29:50Z" duration="0.203236" total="100" passed="100" failed="0" warnings="0" inconclusive="0" skipped="0" asserts="100">
            <test-case id="1001" name="RemoveSmallestTest([1, 2, 3, 4, 5],[2, 3, 4, 5])" fullname="Open_Lab_05._07.Tests.RemoveSmallestTest([1, 2, 3, 4, 5],[2, 3, 4, 5])" methodname="RemoveSmallestTest" classname="Open_Lab_05._07.Tests" runstate="Runnable" seed="426611443" result="Passed" start-time="2021-12-28 19:29:50Z" end-time="2021-12-28 19:29:50Z" duration="0.057226" asserts="1" />
            <test-case id="1002" name="RemoveSmallestTest([5, 3, 2, 1, 4],[5, 3, 2, 4])" fullname="Open_Lab_05._07.Tests.RemoveSmallestTest([5, 3, 2, 1, 4],[5, 3, 2, 4])" methodname="RemoveSmallestTest" classname="Open_Lab_05._07.Tests" runstate="Runnable" seed="1815398893" result="Passed" start-time="2021-12-28 19:29:50Z" end-time="2021-12-28 19:29:50Z" duration="0.001208" asserts="1" />
            <test-case id="1003" name="RemoveSmallestTest([2, 2, 1, 2, 1],[2, 2, 2, 1])" fullname="Open_Lab_05._07.Tests.RemoveSmallestTest([2, 2, 1, 2, 1],[2, 2, 2, 1])" methodname="RemoveSmallestTest" classname="Open_Lab_05._07.Tests" runstate="Runnable" seed="362679738" result="Passed" start-time="2021-12-28 19:29:50Z" end-time="2021-12-28 19:29:50Z" duration="0.000331" asserts="1" />
            <test-case id="1004" name="RemoveSmallestTest([9378, 2382, 1463, 4404, 8011, ...],[9378, 2382, 1463, 4404, 8011, ...])" fullname="Open_Lab_05._07.Tests.RemoveSmallestTest([9378, 2382, 1463, 4404, 8011, ...],[9378, 2382, 1463, 4404, 8011, ...])" methodname="RemoveSmallestTest" classname="Open_Lab_05._07.Tests" runstate="Runnable" seed="1208838619" result="Passed" start-time="2021-12-28 19:29:50Z" end-time="2021-12-28 19:29:50Z" duration="0.000326" asserts="1" />
            <test-case id="1005" name="RemoveSmallestTest([9661, 8814, 4237, 5978, 4680, ...],[9661, 8814, 4237, 5978, 4680, ...])" fullname="Open_Lab_05._07.Tests.RemoveSmallestTest([9661, 8814, 4237, 5978, 4680, ...],[9661, 8814, 4237, 5978, 4680, ...])" methodname="RemoveSmallestTest" classname="Open_Lab_05._07.Tests" runstate="Runnable" seed="920279809" result="Passed" start-time="2021-12-28 19:29:50Z" end-time="2021-12-28 19:29:50Z" duration="0.000364" asserts="1" />
            <test-case id="1006" name="RemoveSmallestTest([9232, 7806, 1668, 4981, 4075, ...],[9232, 7806, 1668, 4981, 4075, ...])" fullname="Open_Lab_05._07.Tests.RemoveSmallestTest([9232, 7806, 1668, 4981, 4075, ...],[9232, 7806, 1668, 4981, 4075, ...])" methodname="RemoveSmallestTest" classname="Open_Lab_05._07.Tests" runstate="Runnable" seed="1464705796" result="Passed" start-time="2021-12-28 19:29:50Z" end-time="2021-12-28 19:29:50Z" duration="0.001208" asserts="1" />
            <test-case id="1007" name="RemoveSmallestTest([725, 7861, 9856, 8486, 925, ...],[7861, 9856, 8486, 925, 840, ...])" fullname="Open_Lab_05._07.Tests.RemoveSmallestTest([725, 7861, 9856, 8486, 925, ...],[7861, 9856, 8486, 925, 840, ...])" methodname="RemoveSmallestTest" classname="Open_Lab_05._07.Tests" runstate="Runnable" seed="624166003" result="Passed" start-time="2021-12-28 19:29:50Z" end-time="2021-12-28 19:29:50Z" duration="0.002090" asserts="1" />
            <test-case id="1008" name="RemoveSmallestTest([3012, 8320, 6098, 1213, 6163, ...],[3012, 8320, 6098, 1213, 6163, ...])" fullname="Open_Lab_05._07.Tests.RemoveSmallestTest([3012, 8320, 6098, 1213, 6163, ...],[3012, 8320, 6098, 1213, 6163, ...])" methodname="RemoveSmallestTest" classname="Open_Lab_05._07.Tests" runstate="Runnable" seed="959226986" result="Passed" start-time="2021-12-28 19:29:50Z" end-time="2021-12-28 19:29:50Z" duration="0.000219" asserts="1" />
            <test-case id="1009" name="RemoveSmallestTest([1990, 5178, 9098, 9853, 3844, ...],[1990, 5178, 9098, 9853, 3844, ...])" fullname="Open_Lab_05._07.Tests.RemoveSmallestTest([1990, 5178, 9098, 9853, 3844, ...],[1990, 5178, 9098, 9853, 3844, ...])" methodname="RemoveSmallestTest" classname="Open_Lab_05._07.Tests" runstate="Runnable" seed="1014377480" result="Passed" start-time="2021-12-28 19:29:50Z" end-time="2021-12-28 19:29:50Z" duration="0.000233" asserts="1" />
            <test-case id="1010" name="RemoveSmallestTest([8674, 9096, 7557, 3236, 9157, ...],[8674, 9096, 7557, 3236, 9157, ...])" fullname="Open_Lab_05._07.Tests.RemoveSmallestTest([8674, 9096, 7557, 3236, 9157, ...],[8674, 9096, 7557, 3236, 9157, ...])" methodname="RemoveSmallestTest" classname="Open_Lab_05._07.Tests" runstate="Runnable" seed="2054181855" result="Passed" start-time="2021-12-28 19:29:50Z" end-time="2021-12-28 19:29:50Z" duration="0.000274" asserts="1" />
            <test-case id="1011" name="RemoveSmallestTest([7841, 448, 157, 1912, 1205, ...],[7841, 448, 157, 1912, 1205, ...])" fullname="Open_Lab_05._07.Tests.RemoveSmallestTest([7841, 448, 157, 1912, 1205, ...],[7841, 448, 157, 1912, 1205, ...])" methodname="RemoveSmallestTest" classname="Open_Lab_05._07.Tests" runstate="Runnable" seed="245655157" result="Passed" start-time="2021-12-28 19:29:50Z" end-time="2021-12-28 19:29:50Z" duration="0.000263" asserts="1" />
            <test-case id="1012" name="RemoveSmallestTest([3030, 8787, 9256, 8440, 2894, ...],[3030, 8787, 9256, 8440, 2894, ...])" fullname="Open_Lab_05._07.Tests.RemoveSmallestTest([3030, 8787, 9256, 8440, 2894, ...],[3030, 8787, 9256, 8440, 2894, ...])" methodname="RemoveSmallestTest" classname="Open_Lab_05._07.Tests" runstate="Runnable" seed="1428780136" result="Passed" start-time="2021-12-28 19:29:50Z" end-time="2021-12-28 19:29:50Z" duration="0.000213" asserts="1" />
            <test-case id="1013" name="RemoveSmallestTest([4217, 2449, 9701, 144, 826, ...],[4217, 2449, 9701, 826, 8639, ...])" fullname="Open_Lab_05._07.Tests.RemoveSmallestTest([4217, 2449, 9701, 144, 826, ...],[4217, 2449, 9701, 826, 8639, ...])" methodname="RemoveSmallestTest" classname="Open_Lab_05._07.Tests" runstate="Runnable" seed="1313525899" result="Passed" start-time="2021-12-28 19:29:50Z" end-time="2021-12-28 19:29:50Z" duration="0.000253" asserts="1" />
            <test-case id="1014" name="RemoveSmallestTest([7463, 3861, 3155, 3847, 809, ...],[7463, 3861, 3155, 3847, 809, ...])" fullname="Open_Lab_05._07.Tests.RemoveSmallestTest([7463, 3861, 3155, 3847, 809, ...],[7463, 3861, 3155, 3847, 809, ...])" methodname="RemoveSmallestTest" classname="Open_Lab_05._07.Tests" runstate="Runnable" seed="711869649" result="Passed" start-time="2021-12-28 19:29:50Z" end-time="2021-12-28 19:29:50Z" duration="0.000896" asserts="1" />
            <test-case id="1015" name="RemoveSmallestTest([7452, 9698, 1562, 193, 9563, ...],[7452, 9698, 1562, 9563, 7117, ...])" fullname="Open_Lab_05._07.Tests.RemoveSmallestTest([7452, 9698, 1562, 193, 9563, ...],[7452, 9698, 1562, 9563, 7117, ...])" methodname="RemoveSmallestTest" classname="Open_Lab_05._07.Tests" runstate="Runnable" seed="1792303521" result="Passed" start-time="2021-12-28 19:29:50Z" end-time="2021-12-28 19:29:50Z" duration="0.000209" asserts="1" />
            <test-case id="1016" name="RemoveSmallestTest([9604, 4951, 7099, 905, 6930, ...],[9604, 4951, 7099, 6930, 1176, ...])" fullname="Open_Lab_05._07.Tests.RemoveSmallestTest([9604, 4951, 7099, 905, 6930, ...],[9604, 4951, 7099, 6930, 1176, ...])" methodname="RemoveSmallestTest" classname="Open_Lab_05._07.Tests" runstate="Runnable" seed="2131187427" result="Passed" start-time="2021-12-28 19:29:50Z" end-time="2021-12-28 19:29:50Z" duration="0.000148" asserts="1" />
            <test-case id="1017" name="RemoveSmallestTest([2536, 3243, 5043, 5496, 995, ...],[2536, 3243, 5043, 5496, 2048, ...])" fullname="Open_Lab_05._07.Tests.RemoveSmallestTest([2536, 3243, 5043, 5496, 995, ...],[2536, 3243, 5043, 5496, 2048, ...])" methodname="RemoveSmallestTest" classname="Open_Lab_05._07.Tests" runstate="Runnable" seed="5695859" result="Passed" start-time="2021-12-28 19:29:50Z" end-time="2021-12-28 19:29:50Z" duration="0.000242" asserts="1" />
            <test-case id="1018" name="RemoveSmallestTest([2236, 2700, 4606, 8324, 7170, ...],[2236, 2700, 4606, 8324, 7170, ...])" fullname="Open_Lab_05._07.Tests.RemoveSmallestTest([2236, 2700, 4606, 8324, 7170, ...],[2236, 2700, 4606, 8324, 7170, ...])" methodname="RemoveSmallestTest" classname="Open_Lab_05._07.Tests" runstate="Runnable" seed="255085747" result="Passed" start-time="2021-12-28 19:29:50Z" end-time="2021-12-28 19:29:50Z" duration="0.000090" asserts="1" />
            <test-case id="1019" name="RemoveSmallestTest([8381, 5411, 3745, 1488, 393, ...],[8381, 5411, 3745, 1488, 393, ...])" fullname="Open_Lab_05._07.Tests.RemoveSmallestTest([8381, 5411, 3745, 1488, 393, ...],[8381, 5411, 3745, 1488, 393, ...])" methodname="RemoveSmallestTest" classname="Open_Lab_05._07.Tests" runstate="Runnable" seed="349024607" result="Passed" start-time="2021-12-28 19:29:50Z" end-time="2021-12-28 19:29:50Z" duration="0.000090" asserts="1" />
            <test-case id="1020" name="RemoveSmallestTest([3023, 5983, 5849, 9185, 8543, ...],[5983, 5849, 9185, 8543, 7224, ...])" fullname="Open_Lab_05._07.Tests.RemoveSmallestTest([3023, 5983, 5849, 9185, 8543, ...],[5983, 5849, 9185, 8543, 7224, ...])" methodname="RemoveSmallestTest" classname="Open_Lab_05._07.Tests" runstate="Runnable" seed="1262702355" result="Passed" start-time="2021-12-28 19:29:50Z" end-time="2021-12-28 19:29:50Z" duration="0.000064" asserts="1" />
            <test-case id="1021" name="RemoveSmallestTest([3855, 7289, 860, 6836, 6777],[3855, 7289, 6836, 6777])" fullname="Open_Lab_05._07.Tests.RemoveSmallestTest([3855, 7289, 860, 6836, 6777],[3855, 7289, 6836, 6777])" methodname="RemoveSmallestTest" classname="Open_Lab_05._07.Tests" runstate="Runnable" seed="458990049" result="Passed" start-time="2021-12-28 19:29:50Z" end-time="2021-12-28 19:29:50Z" duration="0.000057" asserts="1" />
            <test-case id="1022" name="RemoveSmallestTest([8387, 2519, 2571, 4998, 862, ...],[8387, 2519, 2571, 4998, 1987, ...])" fullname="Open_Lab_05._07.Tests.RemoveSmallestTest([8387, 2519, 2571, 4998, 862, ...],[8387, 2519, 2571, 4998, 1987, ...])" methodname="RemoveSmallestTest" classname="Open_Lab_05._07.Tests" runstate="Runnable" seed="1908432000" result="Passed" start-time="2021-12-28 19:29:50Z" end-time="2021-12-28 19:29:50Z" duration="0.000079" asserts="1" />
            <test-case id="1023" name="RemoveSmallestTest([3821, 3869, 5358, 9427, 7895, ...],[3821, 3869, 5358, 9427, 7895, ...])" fullname="Open_Lab_05._07.Tests.RemoveSmallestTest([3821, 3869, 5358, 9427, 7895, ...],[3821, 3869, 5358, 9427, 7895, ...])" methodname="RemoveSmallestTest" classname="Open_Lab_05._07.Tests" runstate="Runnable" seed="1411338221" result="Passed" start-time="2021-12-28 19:29:50Z" end-time="2021-12-28 19:29:50Z" duration="0.000078" asserts="1" />
            <test-case id="1024" name="RemoveSmallestTest([9742, 9389, 1446, 7808, 6639, ...],[9742, 9389, 1446, 7808, 6639, ...])" fullname="Open_Lab_05._07.Tests.RemoveSmallestTest([9742, 9389, 1446, 7808, 6639, ...],[9742, 9389, 1446, 7808, 6639, ...])" methodname="RemoveSmallestTest" classname="Open_Lab_05._07.Tests" runstate="Runnable" seed="455514943" result="Passed" start-time="2021-12-28 19:29:50Z" end-time="2021-12-28 19:29:50Z" duration="0.000069" asserts="1" />
            <test-case id="1025" name="RemoveSmallestTest([8496, 7861, 2965, 4532, 4926, ...],[8496, 7861, 2965, 4532, 4926, ...])" fullname="Open_Lab_05._07.Tests.RemoveSmallestTest([8496, 7861, 2965, 4532, 4926, ...],[8496, 7861, 2965, 4532, 4926, ...])" methodname="RemoveSmallestTest" classname="Open_Lab_05._07.Tests" runstate="Runnable" seed="125186288" result="Passed" start-time="2021-12-28 19:29:50Z" end-time="2021-12-28 19:29:50Z" duration="0.000083" asserts="1" />
            <test-case id="1026" name="RemoveSmallestTest([3334, 2925, 4906, 8443, 2908, ...],[3334, 2925, 4906, 8443, 2908, ...])" fullname="Open_Lab_05._07.Tests.RemoveSmallestTest([3334, 2925, 4906, 8443, 2908, ...],[3334, 2925, 4906, 8443, 2908, ...])" methodname="RemoveSmallestTest" classname="Open_Lab_05._07.Tests" runstate="Runnable" seed="1443127135" result="Passed" start-time="2021-12-28 19:29:50Z" end-time="2021-12-28 19:29:50Z" duration="0.000090" asserts="1" />
            <test-case id="1027" name="RemoveSmallestTest([1810, 4816, 6103, 621, 2025, ...],[1810, 4816, 6103, 621, 2025, ...])" fullname="Open_Lab_05._07.Tests.RemoveSmallestTest([1810, 4816, 6103, 621, 2025, ...],[1810, 4816, 6103, 621, 2025, ...])" methodname="RemoveSmallestTest" classname="Open_Lab_05._07.Tests" runstate="Runnable" seed="2050812650" result="Passed" start-time="2021-12-28 19:29:50Z" end-time="2021-12-28 19:29:50Z" duration="0.000083" asserts="1" />
            <test-case id="1028" name="RemoveSmallestTest([1753, 9659, 7959, 1311, 641, ...],[1753, 9659, 7959, 1311, 641, ...])" fullname="Open_Lab_05._07.Tests.RemoveSmallestTest([1753, 9659, 7959, 1311, 641, ...],[1753, 9659, 7959, 1311, 641, ...])" methodname="RemoveSmallestTest" classname="Open_Lab_05._07.Tests" runstate="Runnable" seed="581723846" result="Passed" start-time="2021-12-28 19:29:50Z" end-time="2021-12-28 19:29:50Z" duration="0.000084" asserts="1" />
            <test-case id="1029" name="RemoveSmallestTest([2461, 6367, 7488, 1184, 7266, ...],[2461, 6367, 7488, 1184, 7266, ...])" fullname="Open_Lab_05._07.Tests.RemoveSmallestTest([2461, 6367, 7488, 1184, 7266, ...],[2461, 6367, 7488, 1184, 7266, ...])" methodname="RemoveSmallestTest" classname="Open_Lab_05._07.Tests" runstate="Runnable" seed="1100016656" result="Passed" start-time="2021-12-28 19:29:50Z" end-time="2021-12-28 19:29:50Z" duration="0.000069" asserts="1" />
            <test-case id="1030" name="RemoveSmallestTest([4062, 8623, 6198, 9171, 493, ...],[4062, 8623, 6198, 9171, 5791, ...])" fullname="Open_Lab_05._07.Tests.RemoveSmallestTest([4062, 8623, 6198, 9171, 493, ...],[4062, 8623, 6198, 9171, 5791, ...])" methodname="RemoveSmallestTest" classname="Open_Lab_05._07.Tests" runstate="Runnable" seed="790178677" result="Passed" start-time="2021-12-28 19:29:50Z" end-time="2021-12-28 19:29:50Z" duration="0.000082" asserts="1" />
            <test-case id="1031" name="RemoveSmallestTest([1348, 7557, 529, 7652, 4410, ...],[1348, 7557, 529, 7652, 4410, ...])" fullname="Open_Lab_05._07.Tests.RemoveSmallestTest([1348, 7557, 529, 7652, 4410, ...],[1348, 7557, 529, 7652, 4410, ...])" methodname="RemoveSmallestTest" classname="Open_Lab_05._07.Tests" runstate="Runnable" seed="1243218349" result="Passed" start-time="2021-12-28 19:29:50Z" end-time="2021-12-28 19:29:50Z" duration="0.000090" asserts="1" />
            <test-case id="1032" name="RemoveSmallestTest([6520, 6349, 5409, 4680, 6178, ...],[6520, 6349, 5409, 4680, 6178, ...])" fullname="Open_Lab_05._07.Tests.RemoveSmallestTest([6520, 6349, 5409, 4680, 6178, ...],[6520, 6349, 5409, 4680, 6178, ...])" methodname="RemoveSmallestTest" classname="Open_Lab_05._07.Tests" runstate="Runnable" seed="1702059678" result="Passed" start-time="2021-12-28 19:29:50Z" end-time="2021-12-28 19:29:50Z" duration="0.000076" asserts="1" />
            <test-case id="1033" name="RemoveSmallestTest([1066, 5668, 1518, 6083, 7634, ...],[5668, 1518, 6083, 7634, 3842, ...])" fullname="Open_Lab_05._07.Tests.RemoveSmallestTest([1066, 5668, 1518, 6083, 7634, ...],[5668, 1518, 6083, 7634, 3842, ...])" methodname="RemoveSmallestTest" classname="Open_Lab_05._07.Tests" runstate="Runnable" seed="1973448983" result="Passed" start-time="2021-12-28 19:29:50Z" end-time="2021-12-28 19:29:50Z" duration="0.000061" asserts="1" />
            <test-case id="1034" name="RemoveSmallestTest([8820, 2955, 3881, 2818, 1886, ...],[8820, 2955, 3881, 2818, 1886, ...])" fullname="Open_Lab_05._07.Tests.RemoveSmallestTest([8820, 2955, 3881, 2818, 1886, ...],[8820, 2955, 3881, 2818, 1886, ...])" methodname="RemoveSmallestTest" classname="Open_Lab_05._07.Tests" runstate="Runnable" seed="1535589733" result="Passed" start-time="2021-12-28 19:29:50Z" end-time="2021-12-28 19:29:50Z" duration="0.000082" asserts="1" />
            <test-case id="1035" name="RemoveSmallestTest([2782, 8345, 9035, 9273, 3221, ...],[2782, 8345, 9035, 9273, 3221, ...])" fullname="Open_Lab_05._07.Tests.RemoveSmallestTest([2782, 8345, 9035, 9273, 3221, ...],[2782, 8345, 9035, 9273, 3221, ...])" methodname="RemoveSmallestTest" classname="Open_Lab_05._07.Tests" runstate="Runnable" seed="304715444" result="Passed" start-time="2021-12-28 19:29:50Z" end-time="2021-12-28 19:29:50Z" duration="0.000069" asserts="1" />
            <test-case id="1036" name="RemoveSmallestTest([1251, 2055, 4075, 9846, 6006, ...],[1251, 2055, 4075, 9846, 6006, ...])" fullname="Open_Lab_05._07.Tests.RemoveSmallestTest([1251, 2055, 4075, 9846, 6006, ...],[1251, 2055, 4075, 9846, 6006, ...])" methodname="RemoveSmallestTest" classname="Open_Lab_05._07.Tests" runstate="Runnable" seed="2096987571" result="Passed" start-time="2021-12-28 19:29:50Z" end-time="2021-12-28 19:29:50Z" duration="0.000078" asserts="1" />
            <test-case id="1037" name="RemoveSmallestTest([1884, 3686, 1625, 2864, 217, ...],[1884, 3686, 1625, 2864, 217, ...])" fullname="Open_Lab_05._07.Tests.RemoveSmallestTest([1884, 3686, 1625, 2864, 217, ...],[1884, 3686, 1625, 2864, 217, ...])" methodname="RemoveSmallestTest" classname="Open_Lab_05._07.Tests" runstate="Runnable" seed="801197884" result="Passed" start-time="2021-12-28 19:29:50Z" end-time="2021-12-28 19:29:50Z" duration="0.000069" asserts="1" />
            <test-case id="1038" name="RemoveSmallestTest([8161, 649, 3932, 1394, 2960, ...],[8161, 649, 3932, 1394, 2960, ...])" fullname="Open_Lab_05._07.Tests.RemoveSmallestTest([8161, 649, 3932, 1394, 2960, ...],[8161, 649, 3932, 1394, 2960, ...])" methodname="RemoveSmallestTest" classname="Open_Lab_05._07.Tests" runstate="Runnable" seed="75732229" result="Passed" start-time="2021-12-28 19:29:50Z" end-time="2021-12-28 19:29:50Z" duration="0.000069" asserts="1" />
            <test-case id="1039" name="RemoveSmallestTest([5187, 7404, 5043, 4867, 7565, ...],[5187, 7404, 5043, 4867, 7565, ...])" fullname="Open_Lab_05._07.Tests.RemoveSmallestTest([5187, 7404, 5043, 4867, 7565, ...],[5187, 7404, 5043, 4867, 7565, ...])" methodname="RemoveSmallestTest" classname="Open_Lab_05._07.Tests" runstate="Runnable" seed="1130742263" result="Passed" start-time="2021-12-28 19:29:50Z" end-time="2021-12-28 19:29:50Z" duration="0.000065" asserts="1" />
            <test-case id="1040" name="RemoveSmallestTest([4593, 1138, 9702, 8110, 3885, ...],[4593, 1138, 9702, 8110, 3885, ...])" fullname="Open_Lab_05._07.Tests.RemoveSmallestTest([4593, 1138, 9702, 8110, 3885, ...],[4593, 1138, 9702, 8110, 3885, ...])" methodname="RemoveSmallestTest" classname="Open_Lab_05._07.Tests" runstate="Runnable" seed="374755490" result="Passed" start-time="2021-12-28 19:29:50Z" end-time="2021-12-28 19:29:50Z" duration="0.000076" asserts="1" />
            <test-case id="1041" name="RemoveSmallestTest([4332, 3179, 8918, 3117, 5782, ...],[4332, 3179, 8918, 3117, 5782, ...])" fullname="Open_Lab_05._07.Tests.RemoveSmallestTest([4332, 3179, 8918, 3117, 5782, ...],[4332, 3179, 8918, 3117, 5782, ...])" methodname="RemoveSmallestTest" classname="Open_Lab_05._07.Tests" runstate="Runnable" seed="135658197" result="Passed" start-time="2021-12-28 19:29:50Z" end-time="2021-12-28 19:29:50Z" duration="0.000102" asserts="1" />
            <test-case id="1042" name="RemoveSmallestTest([2859, 7296, 5109, 2414, 8712, ...],[2859, 7296, 5109, 2414, 8712, ...])" fullname="Open_Lab_05._07.Tests.RemoveSmallestTest([2859, 7296, 5109, 2414, 8712, ...],[2859, 7296, 5109, 2414, 8712, ...])" methodname="RemoveSmallestTest" classname="Open_Lab_05._07.Tests" runstate="Runnable" seed="1255490351" result="Passed" start-time="2021-12-28 19:29:50Z" end-time="2021-12-28 19:29:50Z" duration="0.000074" asserts="1" />
            <test-case id="1043" name="RemoveSmallestTest([7451, 7209, 1475, 5356, 3335, ...],[7451, 7209, 1475, 5356, 3335, ...])" fullname="Open_Lab_05._07.Tests.RemoveSmallestTest([7451, 7209, 1475, 5356, 3335, ...],[7451, 7209, 1475, 5356, 3335, ...])" methodname="RemoveSmallestTest" classname="Open_Lab_05._07.Tests" runstate="Runnable" seed="232865349" result="Passed" start-time="2021-12-28 19:29:50Z" end-time="2021-12-28 19:29:50Z" duration="0.000066" asserts="1" />
            <test-case id="1044" name="RemoveSmallestTest([1369, 1762, 8744, 6993, 854, ...],[1369, 1762, 8744, 6993, 854, ...])" fullname="Open_Lab_05._07.Tests.RemoveSmallestTest([1369, 1762, 8744, 6993, 854, ...],[1369, 1762, 8744, 6993, 854, ...])" methodname="RemoveSmallestTest" classname="Open_Lab_05._07.Tests" runstate="Runnable" seed="1938610924" result="Passed" start-time="2021-12-28 19:29:50Z" end-time="2021-12-28 19:29:50Z" duration="0.000085" asserts="1" />
            <test-case id="1045" name="RemoveSmallestTest([8438, 3861, 9336, 969, 2023, ...],[8438, 3861, 9336, 969, 2023, ...])" fullname="Open_Lab_05._07.Tests.RemoveSmallestTest([8438, 3861, 9336, 969, 2023, ...],[8438, 3861, 9336, 969, 2023, ...])" methodname="RemoveSmallestTest" classname="Open_Lab_05._07.Tests" runstate="Runnable" seed="491162996" result="Passed" start-time="2021-12-28 19:29:50Z" end-time="2021-12-28 19:29:50Z" duration="0.000082" asserts="1" />
            <test-case id="1046" name="RemoveSmallestTest([1235, 7907, 2793, 234, 7303, ...],[1235, 7907, 2793, 234, 7303, ...])" fullname="Open_Lab_05._07.Tests.RemoveSmallestTest([1235, 7907, 2793, 234, 7303, ...],[1235, 7907, 2793, 234, 7303, ...])" methodname="RemoveSmallestTest" classname="Open_Lab_05._07.Tests" runstate="Runnable" seed="1021721470" result="Passed" start-time="2021-12-28 19:29:50Z" end-time="2021-12-28 19:29:50Z" duration="0.000080" asserts="1" />
            <test-case id="1047" name="RemoveSmallestTest([9897, 6412, 4820, 2751, 3314, ...],[9897, 6412, 4820, 2751, 3314, ...])" fullname="Open_Lab_05._07.Tests.RemoveSmallestTest([9897, 6412, 4820, 2751, 3314, ...],[9897, 6412, 4820, 2751, 3314, ...])" methodname="RemoveSmallestTest" classname="Open_Lab_05._07.Tests" runstate="Runnable" seed="306856231" result="Passed" start-time="2021-12-28 19:29:50Z" end-time="2021-12-28 19:29:50Z" duration="0.000083" asserts="1" />
            <test-case id="1048" name="RemoveSmallestTest([3299, 6428, 643, 3405, 9548, ...],[3299, 6428, 3405, 9548, 3066])" fullname="Open_Lab_05._07.Tests.RemoveSmallestTest([3299, 6428, 643, 3405, 9548, ...],[3299, 6428, 3405, 9548, 3066])" methodname="RemoveSmallestTest" classname="Open_Lab_05._07.Tests" runstate="Runnable" seed="1822878995" result="Passed" start-time="2021-12-28 19:29:50Z" end-time="2021-12-28 19:29:50Z" duration="0.000055" asserts="1" />
            <test-case id="1049" name="RemoveSmallestTest([7116, 7538, 2477, 8009, 6381],[7116, 7538, 8009, 6381])" fullname="Open_Lab_05._07.Tests.RemoveSmallestTest([7116, 7538, 2477, 8009, 6381],[7116, 7538, 8009, 6381])" methodname="RemoveSmallestTest" classname="Open_Lab_05._07.Tests" runstate="Runnable" seed="196701104" result="Passed" start-time="2021-12-28 19:29:50Z" end-time="2021-12-28 19:29:50Z" duration="0.000063" asserts="1" />
            <test-case id="1050" name="RemoveSmallestTest([4551, 9016, 4017, 5388, 6500, ...],[4551, 9016, 4017, 5388, 6500, ...])" fullname="Open_Lab_05._07.Tests.RemoveSmallestTest([4551, 9016, 4017, 5388, 6500, ...],[4551, 9016, 4017, 5388, 6500, ...])" methodname="RemoveSmallestTest" classname="Open_Lab_05._07.Tests" runstate="Runnable" seed="1775723019" result="Passed" start-time="2021-12-28 19:29:50Z" end-time="2021-12-28 19:29:50Z" duration="0.000197" asserts="1" />
            <test-case id="1051" name="RemoveSmallestTest([4724, 5645, 4702, 4147, 9452, ...],[4724, 5645, 4702, 9452, 6885])" fullname="Open_Lab_05._07.Tests.RemoveSmallestTest([4724, 5645, 4702, 4147, 9452, ...],[4724, 5645, 4702, 9452, 6885])" methodname="RemoveSmallestTest" classname="Open_Lab_05._07.Tests" runstate="Runnable" seed="871060161" result="Passed" start-time="2021-12-28 19:29:50Z" end-time="2021-12-28 19:29:50Z" duration="0.000080" asserts="1" />
            <test-case id="1052" name="RemoveSmallestTest([1941, 4063, 5182, 7104, 9026, ...],[4063, 5182, 7104, 9026, 4106, ...])" fullname="Open_Lab_05._07.Tests.RemoveSmallestTest([1941, 4063, 5182, 7104, 9026, ...],[4063, 5182, 7104, 9026, 4106, ...])" methodname="RemoveSmallestTest" classname="Open_Lab_05._07.Tests" runstate="Runnable" seed="1727516884" result="Passed" start-time="2021-12-28 19:29:50Z" end-time="2021-12-28 19:29:50Z" duration="0.000133" asserts="1" />
            <test-case id="1053" name="RemoveSmallestTest([2526, 1802, 9962, 3993, 7533, ...],[2526, 9962, 3993, 7533, 4168, ...])" fullname="Open_Lab_05._07.Tests.RemoveSmallestTest([2526, 1802, 9962, 3993, 7533, ...],[2526, 9962, 3993, 7533, 4168, ...])" methodname="RemoveSmallestTest" classname="Open_Lab_05._07.Tests" runstate="Runnable" seed="2142635612" result="Passed" start-time="2021-12-28 19:29:50Z" end-time="2021-12-28 19:29:50Z" duration="0.000087" asserts="1" />
            <test-case id="1054" name="RemoveSmallestTest([2657, 9123, 3415, 3715, 493],[2657, 9123, 3415, 3715])" fullname="Open_Lab_05._07.Tests.RemoveSmallestTest([2657, 9123, 3415, 3715, 493],[2657, 9123, 3415, 3715])" methodname="RemoveSmallestTest" classname="Open_Lab_05._07.Tests" runstate="Runnable" seed="1154604481" result="Passed" start-time="2021-12-28 19:29:50Z" end-time="2021-12-28 19:29:50Z" duration="0.000092" asserts="1" />
            <test-case id="1055" name="RemoveSmallestTest([262, 495, 6768, 7752, 2364, ...],[495, 6768, 7752, 2364, 1678, ...])" fullname="Open_Lab_05._07.Tests.RemoveSmallestTest([262, 495, 6768, 7752, 2364, ...],[495, 6768, 7752, 2364, 1678, ...])" methodname="RemoveSmallestTest" classname="Open_Lab_05._07.Tests" runstate="Runnable" seed="1826964003" result="Passed" start-time="2021-12-28 19:29:50Z" end-time="2021-12-28 19:29:50Z" duration="0.000073" asserts="1" />
            <test-case id="1056" name="RemoveSmallestTest([2436, 4901, 7948, 1288, 6535, ...],[2436, 4901, 7948, 1288, 6535, ...])" fullname="Open_Lab_05._07.Tests.RemoveSmallestTest([2436, 4901, 7948, 1288, 6535, ...],[2436, 4901, 7948, 1288, 6535, ...])" methodname="RemoveSmallestTest" classname="Open_Lab_05._07.Tests" runstate="Runnable" seed="1623727244" result="Passed" start-time="2021-12-28 19:29:50Z" end-time="2021-12-28 19:29:50Z" duration="0.000104" asserts="1" />
            <test-case id="1057" name="RemoveSmallestTest([7190, 1476, 8044, 3789, 6794, ...],[7190, 8044, 3789, 6794, 7762, ...])" fullname="Open_Lab_05._07.Tests.RemoveSmallestTest([7190, 1476, 8044, 3789, 6794, ...],[7190, 8044, 3789, 6794, 7762, ...])" methodname="RemoveSmallestTest" classname="Open_Lab_05._07.Tests" runstate="Runnable" seed="108360204" result="Passed" start-time="2021-12-28 19:29:50Z" end-time="2021-12-28 19:29:50Z" duration="0.000078" asserts="1" />
            <test-case id="1058" name="RemoveSmallestTest([546, 5097, 9266, 8709, 9069, ...],[546, 5097, 9266, 8709, 9069, ...])" fullname="Open_Lab_05._07.Tests.RemoveSmallestTest([546, 5097, 9266, 8709, 9069, ...],[546, 5097, 9266, 8709, 9069, ...])" methodname="RemoveSmallestTest" classname="Open_Lab_05._07.Tests" runstate="Runnable" seed="561625804" result="Passed" start-time="2021-12-28 19:29:50Z" end-time="2021-12-28 19:29:50Z" duration="0.000070" asserts="1" />
            <test-case id="1059" name="RemoveSmallestTest([8866, 2520, 1106, 2757, 9196, ...],[8866, 2520, 1106, 2757, 9196, ...])" fullname="Open_Lab_05._07.Tests.RemoveSmallestTest([8866, 2520, 1106, 2757, 9196, ...],[8866, 2520, 1106, 2757, 9196, ...])" methodname="RemoveSmallestTest" classname="Open_Lab_05._07.Tests" runstate="Runnable" seed="1083652331" result="Passed" start-time="2021-12-28 19:29:50Z" end-time="2021-12-28 19:29:50Z" duration="0.000066" asserts="1" />
            <test-case id="1060" name="RemoveSmallestTest([4719, 672, 8686, 6328, 7994, ...],[4719, 8686, 6328, 7994, 1128, ...])" fullname="Open_Lab_05._07.Tests.RemoveSmallestTest([4719, 672, 8686, 6328, 7994, ...],[4719, 8686, 6328, 7994, 1128, ...])" methodname="RemoveSmallestTest" classname="Open_Lab_05._07.Tests" runstate="Runnable" seed="1624636321" result="Passed" start-time="2021-12-28 19:29:50Z" end-time="2021-12-28 19:29:50Z" duration="0.000083" asserts="1" />
            <test-case id="1061" name="RemoveSmallestTest([1273, 4126, 4750, 3546, 5161, ...],[4126, 4750, 3546, 5161, 3760, ...])" fullname="Open_Lab_05._07.Tests.RemoveSmallestTest([1273, 4126, 4750, 3546, 5161, ...],[4126, 4750, 3546, 5161, 3760, ...])" methodname="RemoveSmallestTest" classname="Open_Lab_05._07.Tests" runstate="Runnable" seed="1561376793" result="Passed" start-time="2021-12-28 19:29:50Z" end-time="2021-12-28 19:29:50Z" duration="0.000064" asserts="1" />
            <test-case id="1062" name="RemoveSmallestTest([6331, 8064, 1849, 1601, 4522, ...],[6331, 8064, 1849, 1601, 4522, ...])" fullname="Open_Lab_05._07.Tests.RemoveSmallestTest([6331, 8064, 1849, 1601, 4522, ...],[6331, 8064, 1849, 1601, 4522, ...])" methodname="RemoveSmallestTest" classname="Open_Lab_05._07.Tests" runstate="Runnable" seed="42442157" result="Passed" start-time="2021-12-28 19:29:50Z" end-time="2021-12-28 19:29:50Z" duration="0.000058" asserts="1" />
            <test-case id="1063" name="RemoveSmallestTest([154, 1411, 6720, 7001, 2569, ...],[1411, 6720, 7001, 2569, 1227, ...])" fullname="Open_Lab_05._07.Tests.RemoveSmallestTest([154, 1411, 6720, 7001, 2569, ...],[1411, 6720, 7001, 2569, 1227, ...])" methodname="RemoveSmallestTest" classname="Open_Lab_05._07.Tests" runstate="Runnable" seed="2006693977" result="Passed" start-time="2021-12-28 19:29:50Z" end-time="2021-12-28 19:29:50Z" duration="0.000055" asserts="1" />
            <test-case id="1064" name="RemoveSmallestTest([9624, 7600, 8098, 8491, 1544, ...],[9624, 7600, 8098, 8491, 1544, ...])" fullname="Open_Lab_05._07.Tests.RemoveSmallestTest([9624, 7600, 8098, 8491, 1544, ...],[9624, 7600, 8098, 8491, 1544, ...])" methodname="RemoveSmallestTest" classname="Open_Lab_05._07.Tests" runstate="Runnable" seed="224198803" result="Passed" start-time="2021-12-28 19:29:50Z" end-time="2021-12-28 19:29:50Z" duration="0.000057" asserts="1" />
            <test-case id="1065" name="RemoveSmallestTest([393, 3208, 8068, 3563, 330, ...],[393, 3208, 8068, 3563, 1113, ...])" fullname="Open_Lab_05._07.Tests.RemoveSmallestTest([393, 3208, 8068, 3563, 330, ...],[393, 3208, 8068, 3563, 1113, ...])" methodname="RemoveSmallestTest" classname="Open_Lab_05._07.Tests" runstate="Runnable" seed="810963506" result="Passed" start-time="2021-12-28 19:29:50Z" end-time="2021-12-28 19:29:50Z" duration="0.000067" asserts="1" />
            <test-case id="1066" name="RemoveSmallestTest([1126, 345, 1471, 6558, 9694, ...],[1126, 345, 1471, 6558, 9694, ...])" fullname="Open_Lab_05._07.Tests.RemoveSmallestTest([1126, 345, 1471, 6558, 9694, ...],[1126, 345, 1471, 6558, 9694, ...])" methodname="RemoveSmallestTest" classname="Open_Lab_05._07.Tests" runstate="Runnable" seed="691079126" result="Passed" start-time="2021-12-28 19:29:50Z" end-time="2021-12-28 19:29:50Z" duration="0.000070" asserts="1" />
            <test-case id="1067" name="RemoveSmallestTest([4028, 5147, 7607, 4097, 1984, ...],[4028, 5147, 7607, 4097, 7592, ...])" fullname="Open_Lab_05._07.Tests.RemoveSmallestTest([4028, 5147, 7607, 4097, 1984, ...],[4028, 5147, 7607, 4097, 7592, ...])" methodname="RemoveSmallestTest" classname="Open_Lab_05._07.Tests" runstate="Runnable" seed="1602814800" result="Passed" start-time="2021-12-28 19:29:50Z" end-time="2021-12-28 19:29:50Z" duration="0.000048" asserts="1" />
            <test-case id="1068" name="RemoveSmallestTest([6167, 9715, 6813, 5803, 48, ...],[6167, 9715, 6813, 5803, 1736, ...])" fullname="Open_Lab_05._07.Tests.RemoveSmallestTest([6167, 9715, 6813, 5803, 48, ...],[6167, 9715, 6813, 5803, 1736, ...])" methodname="RemoveSmallestTest" classname="Open_Lab_05._07.Tests" runstate="Runnable" seed="1925419813" result="Passed" start-time="2021-12-28 19:29:50Z" end-time="2021-12-28 19:29:50Z" duration="0.000104" asserts="1" />
            <test-case id="1069" name="RemoveSmallestTest([3257, 9382, 7442, 1410, 2087, ...],[3257, 9382, 7442, 1410, 2087, ...])" fullname="Open_Lab_05._07.Tests.RemoveSmallestTest([3257, 9382, 7442, 1410, 2087, ...],[3257, 9382, 7442, 1410, 2087, ...])" methodname="RemoveSmallestTest" classname="Open_Lab_05._07.Tests" runstate="Runnable" seed="407154205" result="Passed" start-time="2021-12-28 19:29:50Z" end-time="2021-12-28 19:29:50Z" duration="0.000089" asserts="1" />
            <test-case id="1070" name="RemoveSmallestTest([2636, 1668, 1924, 955, 2392, ...],[2636, 1668, 1924, 2392, 1794])" fullname="Open_Lab_05._07.Tests.RemoveSmallestTest([2636, 1668, 1924, 955, 2392, ...],[2636, 1668, 1924, 2392, 1794])" methodname="RemoveSmallestTest" classname="Open_Lab_05._07.Tests" runstate="Runnable" seed="1842799597" result="Passed" start-time="2021-12-28 19:29:50Z" end-time="2021-12-28 19:29:50Z" duration="0.000055" asserts="1" />
            <test-case id="1071" name="RemoveSmallestTest([598, 5950, 5286, 1961, 9602, ...],[598, 5950, 5286, 1961, 9602, ...])" fullname="Open_Lab_05._07.Tests.RemoveSmallestTest([598, 5950, 5286, 1961, 9602, ...],[598, 5950, 5286, 1961, 9602, ...])" methodname="RemoveSmallestTest" classname="Open_Lab_05._07.Tests" runstate="Runnable" seed="1329989543" result="Passed" start-time="2021-12-28 19:29:50Z" end-time="2021-12-28 19:29:50Z" duration="0.000077" asserts="1" />
            <test-case id="1072" name="RemoveSmallestTest([5218, 4382, 8489, 46, 6359, ...],[5218, 4382, 8489, 6359, 6847, ...])" fullname="Open_Lab_05._07.Tests.RemoveSmallestTest([5218, 4382, 8489, 46, 6359, ...],[5218, 4382, 8489, 6359, 6847, ...])" methodname="RemoveSmallestTest" classname="Open_Lab_05._07.Tests" runstate="Runnable" seed="2077447277" result="Passed" start-time="2021-12-28 19:29:50Z" end-time="2021-12-28 19:29:50Z" duration="0.000067" asserts="1" />
            <test-case id="1073" name="RemoveSmallestTest([4616, 3666, 9720, 2331, 841, ...],[4616, 3666, 9720, 2331, 841, ...])" fullname="Open_Lab_05._07.Tests.RemoveSmallestTest([4616, 3666, 9720, 2331, 841, ...],[4616, 3666, 9720, 2331, 841, ...])" methodname="RemoveSmallestTest" classname="Open_Lab_05._07.Tests" runstate="Runnable" seed="1271827131" result="Passed" start-time="2021-12-28 19:29:50Z" end-time="2021-12-28 19:29:50Z" duration="0.000313" asserts="1" />
            <test-case id="1074" name="RemoveSmallestTest([3759, 5379, 1567, 6797, 1915, ...],[3759, 5379, 1567, 6797, 1915, ...])" fullname="Open_Lab_05._07.Tests.RemoveSmallestTest([3759, 5379, 1567, 6797, 1915, ...],[3759, 5379, 1567, 6797, 1915, ...])" methodname="RemoveSmallestTest" classname="Open_Lab_05._07.Tests" runstate="Runnable" seed="2121752764" result="Passed" start-time="2021-12-28 19:29:50Z" end-time="2021-12-28 19:29:50Z" duration="0.000535" asserts="1" />
            <test-case id="1075" name="RemoveSmallestTest([9, 3324, 7737, 7061, 5132, ...],[3324, 7737, 7061, 5132, 3129])" fullname="Open_Lab_05._07.Tests.RemoveSmallestTest([9, 3324, 7737, 7061, 5132, ...],[3324, 7737, 7061, 5132, 3129])" methodname="RemoveSmallestTest" classname="Open_Lab_05._07.Tests" runstate="Runnable" seed="1127044158" result="Passed" start-time="2021-12-28 19:29:50Z" end-time="2021-12-28 19:29:50Z" duration="0.000189" asserts="1" />
            <test-case id="1076" name="RemoveSmallestTest([998, 3601, 335, 1405, 3247, ...],[998, 3601, 1405, 3247, 660, ...])" fullname="Open_Lab_05._07.Tests.RemoveSmallestTest([998, 3601, 335, 1405, 3247, ...],[998, 3601, 1405, 3247, 660, ...])" methodname="RemoveSmallestTest" classname="Open_Lab_05._07.Tests" runstate="Runnable" seed="1350983345" result="Passed" start-time="2021-12-28 19:29:50Z" end-time="2021-12-28 19:29:50Z" duration="0.000244" asserts="1" />
            <test-case id="1077" name="RemoveSmallestTest([416, 7597, 137, 2948, 7352, ...],[416, 7597, 2948, 7352, 8704, ...])" fullname="Open_Lab_05._07.Tests.RemoveSmallestTest([416, 7597, 137, 2948, 7352, ...],[416, 7597, 2948, 7352, 8704, ...])" methodname="RemoveSmallestTest" classname="Open_Lab_05._07.Tests" runstate="Runnable" seed="1675566651" result="Passed" start-time="2021-12-28 19:29:50Z" end-time="2021-12-28 19:29:50Z" duration="0.000263" asserts="1" />
            <test-case id="1078" name="RemoveSmallestTest([2810, 8633, 4299, 8249, 6901, ...],[2810, 8633, 4299, 8249, 6901, ...])" fullname="Open_Lab_05._07.Tests.RemoveSmallestTest([2810, 8633, 4299, 8249, 6901, ...],[2810, 8633, 4299, 8249, 6901, ...])" methodname="RemoveSmallestTest" classname="Open_Lab_05._07.Tests" runstate="Runnable" seed="1620210944" result="Passed" start-time="2021-12-28 19:29:50Z" end-time="2021-12-28 19:29:50Z" duration="0.000225" asserts="1" />
            <test-case id="1079" name="RemoveSmallestTest([1424, 8754, 9808, 981, 9851, ...],[1424, 8754, 9808, 981, 9851, ...])" fullname="Open_Lab_05._07.Tests.RemoveSmallestTest([1424, 8754, 9808, 981, 9851, ...],[1424, 8754, 9808, 981, 9851, ...])" methodname="RemoveSmallestTest" classname="Open_Lab_05._07.Tests" runstate="Runnable" seed="2111835594" result="Passed" start-time="2021-12-28 19:29:50Z" end-time="2021-12-28 19:29:50Z" duration="0.000134" asserts="1" />
            <test-case id="1080" name="RemoveSmallestTest([2772, 8947, 2411, 3886, 2881, ...],[2772, 8947, 2411, 3886, 2881, ...])" fullname="Open_Lab_05._07.Tests.RemoveSmallestTest([2772, 8947, 2411, 3886, 2881, ...],[2772, 8947, 2411, 3886, 2881, ...])" methodname="RemoveSmallestTest" classname="Open_Lab_05._07.Tests" runstate="Runnable" seed="1250948465" result="Passed" start-time="2021-12-28 19:29:50Z" end-time="2021-12-28 19:29:50Z" duration="0.000099" asserts="1" />
            <test-case id="1081" name="RemoveSmallestTest([3570, 8990, 7601, 9840, 4463, ...],[8990, 7601, 9840, 4463, 8609, ...])" fullname="Open_Lab_05._07.Tests.RemoveSmallestTest([3570, 8990, 7601, 9840, 4463, ...],[8990, 7601, 9840, 4463, 8609, ...])" methodname="RemoveSmallestTest" classname="Open_Lab_05._07.Tests" runstate="Runnable" seed="1136270904" result="Passed" start-time="2021-12-28 19:29:50Z" end-time="2021-12-28 19:29:50Z" duration="0.000082" asserts="1" />
            <test-case id="1082" name="RemoveSmallestTest([3030, 8056, 6070, 9790, 5092, ...],[3030, 8056, 6070, 9790, 5092, ...])" fullname="Open_Lab_05._07.Tests.RemoveSmallestTest([3030, 8056, 6070, 9790, 5092, ...],[3030, 8056, 6070, 9790, 5092, ...])" methodname="RemoveSmallestTest" classname="Open_Lab_05._07.Tests" runstate="Runnable" seed="227933655" result="Passed" start-time="2021-12-28 19:29:50Z" end-time="2021-12-28 19:29:50Z" duration="0.000170" asserts="1" />
            <test-case id="1083" name="RemoveSmallestTest([1759, 717, 3315, 6358, 9201, ...],[1759, 3315, 6358, 9201, 9957, ...])" fullname="Open_Lab_05._07.Tests.RemoveSmallestTest([1759, 717, 3315, 6358, 9201, ...],[1759, 3315, 6358, 9201, 9957, ...])" methodname="RemoveSmallestTest" classname="Open_Lab_05._07.Tests" runstate="Runnable" seed="385022742" result="Passed" start-time="2021-12-28 19:29:50Z" end-time="2021-12-28 19:29:50Z" duration="0.000115" asserts="1" />
            <test-case id="1084" name="RemoveSmallestTest([3752, 3692, 5262, 2956, 778, ...],[3752, 3692, 5262, 2956, 778])" fullname="Open_Lab_05._07.Tests.RemoveSmallestTest([3752, 3692, 5262, 2956, 778, ...],[3752, 3692, 5262, 2956, 778])" methodname="RemoveSmallestTest" classname="Open_Lab_05._07.Tests" runstate="Runnable" seed="1471777284" result="Passed" start-time="2021-12-28 19:29:50Z" end-time="2021-12-28 19:29:50Z" duration="0.000127" asserts="1" />
            <test-case id="1085" name="RemoveSmallestTest([5653, 7404, 3228, 910, 7011, ...],[5653, 7404, 3228, 7011, 3787])" fullname="Open_Lab_05._07.Tests.RemoveSmallestTest([5653, 7404, 3228, 910, 7011, ...],[5653, 7404, 3228, 7011, 3787])" methodname="RemoveSmallestTest" classname="Open_Lab_05._07.Tests" runstate="Runnable" seed="2066602163" result="Passed" start-time="2021-12-28 19:29:50Z" end-time="2021-12-28 19:29:50Z" duration="0.000121" asserts="1" />
            <test-case id="1086" name="RemoveSmallestTest([6297, 5353, 6475, 8733, 5396, ...],[6297, 5353, 6475, 8733, 5396, ...])" fullname="Open_Lab_05._07.Tests.RemoveSmallestTest([6297, 5353, 6475, 8733, 5396, ...],[6297, 5353, 6475, 8733, 5396, ...])" methodname="RemoveSmallestTest" classname="Open_Lab_05._07.Tests" runstate="Runnable" seed="1663185112" result="Passed" start-time="2021-12-28 19:29:50Z" end-time="2021-12-28 19:29:50Z" duration="0.000141" asserts="1" />
            <test-case id="1087" name="RemoveSmallestTest([4284, 3182, 3382, 8067, 5454, ...],[4284, 3182, 3382, 8067, 5454, ...])" fullname="Open_Lab_05._07.Tests.RemoveSmallestTest([4284, 3182, 3382, 8067, 5454, ...],[4284, 3182, 3382, 8067, 5454, ...])" methodname="RemoveSmallestTest" classname="Open_Lab_05._07.Tests" runstate="Runnable" seed="1706907713" result="Passed" start-time="2021-12-28 19:29:50Z" end-time="2021-12-28 19:29:50Z" duration="0.000208" asserts="1" />
            <test-case id="1088" name="RemoveSmallestTest([9115, 9156, 6641, 5189, 2074, ...],[9115, 9156, 6641, 5189, 2074, ...])" fullname="Open_Lab_05._07.Tests.RemoveSmallestTest([9115, 9156, 6641, 5189, 2074, ...],[9115, 9156, 6641, 5189, 2074, ...])" methodname="RemoveSmallestTest" classname="Open_Lab_05._07.Tests" runstate="Runnable" seed="818844502" result="Passed" start-time="2021-12-28 19:29:50Z" end-time="2021-12-28 19:29:50Z" duration="0.000120" asserts="1" />
            <test-case id="1089" name="RemoveSmallestTest([9947, 2727, 604, 2513, 8229, ...],[9947, 2727, 2513, 8229, 9899, ...])" fullname="Open_Lab_05._07.Tests.RemoveSmallestTest([9947, 2727, 604, 2513, 8229, ...],[9947, 2727, 2513, 8229, 9899, ...])" methodname="RemoveSmallestTest" classname="Open_Lab_05._07.Tests" runstate="Runnable" seed="1856109377" result="Passed" start-time="2021-12-28 19:29:50Z" end-time="2021-12-28 19:29:50Z" duration="0.000067" asserts="1" />
            <test-case id="1090" name="RemoveSmallestTest([8378, 5047, 4179, 3320, 4327, ...],[8378, 5047, 4179, 3320, 4327, ...])" fullname="Open_Lab_05._07.Tests.RemoveSmallestTest([8378, 5047, 4179, 3320, 4327, ...],[8378, 5047, 4179, 3320, 4327, ...])" methodname="RemoveSmallestTest" classname="Open_Lab_05._07.Tests" runstate="Runnable" seed="828471847" result="Passed" start-time="2021-12-28 19:29:50Z" end-time="2021-12-28 19:29:50Z" duration="0.000071" asserts="1" />
            <test-case id="1091" name="RemoveSmallestTest([1734, 3757, 7316, 2822, 6838, ...],[1734, 3757, 7316, 2822, 6838, ...])" fullname="Open_Lab_05._07.Tests.RemoveSmallestTest([1734, 3757, 7316, 2822, 6838, ...],[1734, 3757, 7316, 2822, 6838, ...])" methodname="RemoveSmallestTest" classname="Open_Lab_05._07.Tests" runstate="Runnable" seed="1988627367" result="Passed" start-time="2021-12-28 19:29:50Z" end-time="2021-12-28 19:29:50Z" duration="0.000224" asserts="1" />
            <test-case id="1092" name="RemoveSmallestTest([6582, 3177, 5563, 4289, 560, ...],[6582, 3177, 5563, 4289, 560, ...])" fullname="Open_Lab_05._07.Tests.RemoveSmallestTest([6582, 3177, 5563, 4289, 560, ...],[6582, 3177, 5563, 4289, 560, ...])" methodname="RemoveSmallestTest" classname="Open_Lab_05._07.Tests" runstate="Runnable" seed="239572080" result="Passed" start-time="2021-12-28 19:29:50Z" end-time="2021-12-28 19:29:50Z" duration="0.000198" asserts="1" />
            <test-case id="1093" name="RemoveSmallestTest([4668, 7001, 2921, 4616, 9998, ...],[4668, 7001, 2921, 4616, 9998, ...])" fullname="Open_Lab_05._07.Tests.RemoveSmallestTest([4668, 7001, 2921, 4616, 9998, ...],[4668, 7001, 2921, 4616, 9998, ...])" methodname="RemoveSmallestTest" classname="Open_Lab_05._07.Tests" runstate="Runnable" seed="1139563545" result="Passed" start-time="2021-12-28 19:29:50Z" end-time="2021-12-28 19:29:50Z" duration="0.000322" asserts="1" />
            <test-case id="1094" name="RemoveSmallestTest([8353, 5151, 580, 1752, 8532, ...],[8353, 5151, 1752, 8532, 6277, ...])" fullname="Open_Lab_05._07.Tests.RemoveSmallestTest([8353, 5151, 580, 1752, 8532, ...],[8353, 5151, 1752, 8532, 6277, ...])" methodname="RemoveSmallestTest" classname="Open_Lab_05._07.Tests" runstate="Runnable" seed="1653589589" result="Passed" start-time="2021-12-28 19:29:50Z" end-time="2021-12-28 19:29:50Z" duration="0.000218" asserts="1" />
            <test-case id="1095" name="RemoveSmallestTest([8127, 9232, 4070, 3314, 6340, ...],[8127, 9232, 4070, 3314, 6340, ...])" fullname="Open_Lab_05._07.Tests.RemoveSmallestTest([8127, 9232, 4070, 3314, 6340, ...],[8127, 9232, 4070, 3314, 6340, ...])" methodname="RemoveSmallestTest" classname="Open_Lab_05._07.Tests" runstate="Runnable" seed="960862344" result="Passed" start-time="2021-12-28 19:29:50Z" end-time="2021-12-28 19:29:50Z" duration="0.000244" asserts="1" />
            <test-case id="1096" name="RemoveSmallestTest([3559, 8034, 5707, 4777, 9079, ...],[3559, 8034, 5707, 4777, 9079, ...])" fullname="Open_Lab_05._07.Tests.RemoveSmallestTest([3559, 8034, 5707, 4777, 9079, ...],[3559, 8034, 5707, 4777, 9079, ...])" methodname="RemoveSmallestTest" classname="Open_Lab_05._07.Tests" runstate="Runnable" seed="93216040" result="Passed" start-time="2021-12-28 19:29:50Z" end-time="2021-12-28 19:29:50Z" duration="0.000130" asserts="1" />
            <test-case id="1097" name="RemoveSmallestTest([290, 8925, 9728, 1115, 6770, ...],[8925, 9728, 1115, 6770, 9341, ...])" fullname="Open_Lab_05._07.Tests.RemoveSmallestTest([290, 8925, 9728, 1115, 6770, ...],[8925, 9728, 1115, 6770, 9341, ...])" methodname="RemoveSmallestTest" classname="Open_Lab_05._07.Tests" runstate="Runnable" seed="1396280021" result="Passed" start-time="2021-12-28 19:29:50Z" end-time="2021-12-28 19:29:50Z" duration="0.000230" asserts="1" />
            <test-case id="1098" name="RemoveSmallestTest([75, 435, 7582, 5664, 344, ...],[435, 7582, 5664, 344, 4925, ...])" fullname="Open_Lab_05._07.Tests.RemoveSmallestTest([75, 435, 7582, 5664, 344, ...],[435, 7582, 5664, 344, 4925, ...])" methodname="RemoveSmallestTest" classname="Open_Lab_05._07.Tests" runstate="Runnable" seed="8666546" result="Passed" start-time="2021-12-28 19:29:50Z" end-time="2021-12-28 19:29:50Z" duration="0.000083" asserts="1" />
            <test-case id="1099" name="RemoveSmallestTest([9023, 9873, 1452, 3521, 1671, ...],[9023, 9873, 1452, 3521, 1671, ...])" fullname="Open_Lab_05._07.Tests.RemoveSmallestTest([9023, 9873, 1452, 3521, 1671, ...],[9023, 9873, 1452, 3521, 1671, ...])" methodname="RemoveSmallestTest" classname="Open_Lab_05._07.Tests" runstate="Runnable" seed="1127647418" result="Passed" start-time="2021-12-28 19:29:50Z" end-time="2021-12-28 19:29:50Z" duration="0.000063" asserts="1" />
            <test-case id="1100" name="RemoveSmallestTest([9457, 9495, 2654, 1464, 4779, ...],[9457, 9495, 2654, 4779, 8347, ...])" fullname="Open_Lab_05._07.Tests.RemoveSmallestTest([9457, 9495, 2654, 1464, 4779, ...],[9457, 9495, 2654, 4779, 8347, ...])" methodname="RemoveSmallestTest" classname="Open_Lab_05._07.Tests" runstate="Runnable" seed="1947567517" result="Passed" start-time="2021-12-28 19:29:50Z" end-time="2021-12-28 19:29:50Z" duration="0.000211" asserts="1" />
          </test-suite>
        </test-suite>
      </test-suite>
    </test-suite>
  </test-suite>
</test-run>